[INFO] 18:44:46:615 plani_lp/(3435:3435): Se crea el proceso 1 en NEW
[INFO] 18:44:46:616 plani_lp/(3435:3435): Se crea el proceso 2 en NEW
[INFO] 18:44:46:616 plani_lp/(3435:3435): Se crea el proceso 3 en NEW
[INFO] 18:44:46:616 plani_lp/(3435:3435): Se crea el proceso 4 en NEW
[INFO] 18:44:46:616 plani_cp/(3435:3441): Cola Ready: [ 1 ]
[INFO] 18:44:46:616 plani_cp/(3435:3441): Cola Ready: [ 1, 2 ]
[INFO] 18:44:46:616 plani_cp/(3435:3441): Cola Ready: [ 1, 2, 3 ]
[INFO] 18:44:46:616 plani_cp/(3435:3441): Cola Ready: [ 1, 2, 3, 4 ]
[INFO] 18:44:46:616 plani_cp/(3435:3440): PID: 1 - Estado anterior: Ready - Estado actual: Executing
[INFO] 18:47:11:631 plani_lp/(3463:3463): Se crea el proceso 1 en NEW
[INFO] 18:47:11:631 plani_lp/(3463:3463): Se crea el proceso 2 en NEW
[INFO] 18:47:11:631 plani_lp/(3463:3463): Se crea el proceso 3 en NEW
[INFO] 18:47:11:631 plani_lp/(3463:3463): Se crea el proceso 4 en NEW
[INFO] 18:47:11:631 plani_cp/(3463:3469): Cola Ready: [ 1 ]
[INFO] 18:47:11:631 plani_cp/(3463:3469): Cola Ready: [ 1, 2 ]
[INFO] 18:47:11:631 plani_cp/(3463:3469): Cola Ready: [ 1, 2, 3 ]
[INFO] 18:47:11:631 plani_cp/(3463:3469): Cola Ready: [ 1, 2, 3, 4 ]
[INFO] 18:47:11:631 plani_cp/(3463:3468): PID: 1 - Estado anterior: Ready - Estado actual: Executing
[INFO] 18:47:14:634 plani_cp/(3463:3468): PID: 1 - Desalojado por fin de Quantum
[INFO] 18:47:14:634 plani_cp/(3463:3468): Cola Ready: [ 2, 3, 4, 1 ]
[INFO] 18:47:14:634 plani_cp/(3463:3468): PID: 1 - Estado anterior: Executing - Estado actual: Ready
[INFO] 18:47:14:634 plani_cp/(3463:3468): PID: 2 - Estado anterior: Ready - Estado actual: Executing
[INFO] 18:47:16:637 plani_cp/(3463:3468): PID: 2 - Bloqueado por: SLP1
[INFO] 18:47:16:637 plani_cp/(3463:3468): PID: 2 - Estado anterior: Executing - Estado actual: Bloqueado
[INFO] 18:47:16:637 plani_cp/(3463:3468): PID: 3 - Estado anterior: Ready - Estado actual: Executing
[INFO] 18:47:16:693 plani_cp/(3463:3487): Ready Prioridad: [ 2 ]
[INFO] 18:47:16:693 plani_cp/(3463:3487): PID: 2 - Estado anterior: Bloqueado - Estado actual: Ready
[INFO] 18:47:19:645 plani_cp/(3463:3468): PID: 3 - Desalojado por fin de Quantum
[INFO] 18:47:19:645 plani_cp/(3463:3468): Cola Ready: [ 4, 1, 3 ]
[INFO] 18:47:19:645 plani_cp/(3463:3468): PID: 3 - Estado anterior: Executing - Estado actual: Ready
[INFO] 18:47:19:645 plani_cp/(3463:3468): PID: 2 - Estado anterior: Ready - Estado actual: Executing
[INFO] 18:47:20:648 plani_cp/(3463:3468): PID: 2 - Desalojado por fin de Quantum
[INFO] 18:47:20:649 plani_cp/(3463:3468): Cola Ready: [ 4, 1, 3, 2 ]
[INFO] 18:47:20:649 plani_cp/(3463:3468): PID: 2 - Estado anterior: Executing - Estado actual: Ready
[INFO] 18:47:20:650 plani_cp/(3463:3468): PID: 4 - Estado anterior: Ready - Estado actual: Executing
[INFO] 18:47:23:655 plani_cp/(3463:3468): PID: 4 - Desalojado por fin de Quantum
[INFO] 18:47:23:655 plani_cp/(3463:3468): Cola Ready: [ 1, 3, 2, 4 ]
[INFO] 18:47:23:656 plani_cp/(3463:3468): PID: 4 - Estado anterior: Executing - Estado actual: Ready
[INFO] 18:47:23:656 plani_cp/(3463:3468): PID: 1 - Estado anterior: Ready - Estado actual: Executing
[INFO] 18:47:25:661 plani_lp/(3463:3468): Finaliza el proceso 1 - Motivo: SUCCESS
[INFO] 18:47:25:662 plani_cp/(3463:3468): PID: 3 - Estado anterior: Ready - Estado actual: Executing
[INFO] 18:47:27:668 plani_cp/(3463:3468): PID: 3 - Bloqueado por: SLP1
[INFO] 18:47:27:668 plani_cp/(3463:3468): PID: 3 - Estado anterior: Executing - Estado actual: Bloqueado
[INFO] 18:47:27:669 plani_cp/(3463:3468): PID: 2 - Estado anterior: Ready - Estado actual: Executing
[INFO] 18:47:27:871 plani_cp/(3463:3497): Ready Prioridad: [ 3 ]
[INFO] 18:47:27:872 plani_cp/(3463:3497): PID: 3 - Estado anterior: Bloqueado - Estado actual: Ready
[INFO] 18:47:28:672 plani_cp/(3463:3468): PID: 2 - Bloqueado por: SLP1
[INFO] 18:47:28:672 plani_cp/(3463:3468): PID: 2 - Estado anterior: Executing - Estado actual: Bloqueado
[INFO] 18:47:28:673 plani_cp/(3463:3468): PID: 3 - Estado anterior: Ready - Estado actual: Executing
[INFO] 18:47:28:727 plani_cp/(3463:3500): Ready Prioridad: [ 2 ]
[INFO] 18:47:28:727 plani_cp/(3463:3500): PID: 2 - Estado anterior: Bloqueado - Estado actual: Ready
[INFO] 18:47:29:675 plani_cp/(3463:3468): PID: 3 - Desalojado por fin de Quantum
[INFO] 18:47:29:675 plani_cp/(3463:3468): Cola Ready: [ 4, 3 ]
[INFO] 18:47:29:676 plani_cp/(3463:3468): PID: 3 - Estado anterior: Executing - Estado actual: Ready
[INFO] 18:47:29:676 plani_cp/(3463:3468): PID: 2 - Estado anterior: Ready - Estado actual: Executing
[INFO] 18:47:30:678 plani_cp/(3463:3468): PID: 2 - Desalojado por fin de Quantum
[INFO] 18:47:30:678 plani_cp/(3463:3468): Ready Prioridad: [ 2 ]
[INFO] 18:47:30:678 plani_cp/(3463:3468): PID: 2 - Estado anterior: Executing - Estado actual: Ready
[INFO] 18:47:30:678 plani_cp/(3463:3468): PID: 2 - Estado anterior: Ready - Estado actual: Executing
[INFO] 18:47:31:682 plani_cp/(3463:3468): PID: 2 - Bloqueado por: SLP1
[INFO] 18:47:31:683 plani_cp/(3463:3468): PID: 2 - Estado anterior: Executing - Estado actual: Bloqueado
[INFO] 18:47:31:685 plani_cp/(3463:3468): PID: 4 - Estado anterior: Ready - Estado actual: Executing
[INFO] 18:47:31:737 plani_cp/(3463:3507): Cola Ready: [ 3, 2 ]
[INFO] 18:47:31:738 plani_cp/(3463:3507): PID: 2 - Estado anterior: Bloqueado - Estado actual: Ready
[INFO] 18:47:34:690 plani_cp/(3463:3468): PID: 4 - Desalojado por fin de Quantum
[INFO] 18:47:34:690 plani_cp/(3463:3468): Cola Ready: [ 3, 2, 4 ]
[INFO] 18:47:34:690 plani_cp/(3463:3468): PID: 4 - Estado anterior: Executing - Estado actual: Ready
[INFO] 18:47:34:690 plani_cp/(3463:3468): PID: 3 - Estado anterior: Ready - Estado actual: Executing
[INFO] 18:47:37:696 plani_cp/(3463:3468): PID: 3 - Desalojado por fin de Quantum
[INFO] 18:47:37:697 plani_cp/(3463:3468): Cola Ready: [ 2, 4, 3 ]
[INFO] 18:47:37:697 plani_cp/(3463:3468): PID: 3 - Estado anterior: Executing - Estado actual: Ready
[INFO] 18:47:37:697 plani_cp/(3463:3468): PID: 2 - Estado anterior: Ready - Estado actual: Executing
[INFO] 18:47:39:703 plani_cp/(3463:3468): PID: 2 - Bloqueado por: SLP1
[INFO] 18:47:39:703 plani_cp/(3463:3468): PID: 2 - Estado anterior: Executing - Estado actual: Bloqueado
[INFO] 18:47:39:704 plani_cp/(3463:3468): PID: 4 - Estado anterior: Ready - Estado actual: Executing
[INFO] 18:47:39:758 plani_cp/(3463:3514): Ready Prioridad: [ 2 ]
[INFO] 18:47:39:760 plani_cp/(3463:3514): PID: 2 - Estado anterior: Bloqueado - Estado actual: Ready
[INFO] 18:47:42:710 plani_cp/(3463:3468): PID: 4 - Desalojado por fin de Quantum
[INFO] 18:47:42:710 plani_cp/(3463:3468): Cola Ready: [ 3, 4 ]
[INFO] 18:47:42:710 plani_cp/(3463:3468): PID: 4 - Estado anterior: Executing - Estado actual: Ready
[INFO] 18:47:42:711 plani_cp/(3463:3468): PID: 2 - Estado anterior: Ready - Estado actual: Executing
[INFO] 18:47:43:713 plani_cp/(3463:3468): PID: 2 - Desalojado por fin de Quantum
[INFO] 18:47:43:713 plani_cp/(3463:3468): Cola Ready: [ 3, 4, 2 ]
[INFO] 18:47:43:713 plani_cp/(3463:3468): PID: 2 - Estado anterior: Executing - Estado actual: Ready
[INFO] 18:47:43:714 plani_cp/(3463:3468): PID: 3 - Estado anterior: Ready - Estado actual: Executing
[INFO] 18:47:44:718 plani_lp/(3463:3468): Finaliza el proceso 3 - Motivo: SUCCESS
[INFO] 18:47:44:719 plani_cp/(3463:3468): PID: 4 - Estado anterior: Ready - Estado actual: Executing
[INFO] 18:47:47:724 plani_cp/(3463:3468): PID: 4 - Desalojado por fin de Quantum
[INFO] 18:47:47:725 plani_cp/(3463:3468): Cola Ready: [ 2, 4 ]
[INFO] 18:47:47:725 plani_cp/(3463:3468): PID: 4 - Estado anterior: Executing - Estado actual: Ready
[INFO] 18:47:47:725 plani_cp/(3463:3468): PID: 2 - Estado anterior: Ready - Estado actual: Executing
[INFO] 18:47:48:728 plani_cp/(3463:3468): PID: 2 - Bloqueado por: SLP1
[INFO] 18:47:48:729 plani_cp/(3463:3468): PID: 2 - Estado anterior: Executing - Estado actual: Bloqueado
[INFO] 18:47:48:729 plani_cp/(3463:3468): PID: 4 - Estado anterior: Ready - Estado actual: Executing
[INFO] 18:47:48:784 plani_cp/(3463:3525): Ready Prioridad: [ 2 ]
[INFO] 18:47:48:784 plani_cp/(3463:3525): PID: 2 - Estado anterior: Bloqueado - Estado actual: Ready
[INFO] 18:47:51:736 plani_cp/(3463:3468): PID: 4 - Desalojado por fin de Quantum
[INFO] 18:47:51:736 plani_cp/(3463:3468): Cola Ready: [ 4 ]
[INFO] 18:47:51:736 plani_cp/(3463:3468): PID: 4 - Estado anterior: Executing - Estado actual: Ready
[INFO] 18:47:51:736 plani_cp/(3463:3468): PID: 2 - Estado anterior: Ready - Estado actual: Executing
[INFO] 18:47:53:739 plani_cp/(3463:3468): PID: 2 - Bloqueado por: SLP1
[INFO] 18:47:53:740 plani_cp/(3463:3468): PID: 2 - Estado anterior: Executing - Estado actual: Bloqueado
[INFO] 18:47:53:740 plani_cp/(3463:3468): PID: 4 - Estado anterior: Ready - Estado actual: Executing
[INFO] 18:47:53:794 plani_cp/(3463:3531): Cola Ready: [ 2 ]
[INFO] 18:47:53:794 plani_cp/(3463:3531): PID: 2 - Estado anterior: Bloqueado - Estado actual: Ready
[INFO] 18:47:56:746 plani_cp/(3463:3468): PID: 4 - Desalojado por fin de Quantum
[INFO] 18:47:56:747 plani_cp/(3463:3468): Cola Ready: [ 2, 4 ]
[INFO] 18:47:56:747 plani_cp/(3463:3468): PID: 4 - Estado anterior: Executing - Estado actual: Ready
[INFO] 18:47:56:749 plani_cp/(3463:3468): PID: 2 - Estado anterior: Ready - Estado actual: Executing
[INFO] 18:47:58:753 plani_cp/(3463:3468): PID: 2 - Bloqueado por: SLP1
[INFO] 18:47:58:753 plani_cp/(3463:3468): PID: 2 - Estado anterior: Executing - Estado actual: Bloqueado
[INFO] 18:47:58:754 plani_cp/(3463:3468): PID: 4 - Estado anterior: Ready - Estado actual: Executing
[INFO] 18:47:58:808 plani_cp/(3463:3536): Ready Prioridad: [ 2 ]
[INFO] 18:47:58:808 plani_cp/(3463:3536): PID: 2 - Estado anterior: Bloqueado - Estado actual: Ready
[INFO] 18:48:01:757 plani_cp/(3463:3468): PID: 4 - Desalojado por fin de Quantum
[INFO] 18:48:01:757 plani_cp/(3463:3468): Cola Ready: [ 4 ]
[INFO] 18:48:01:757 plani_cp/(3463:3468): PID: 4 - Estado anterior: Executing - Estado actual: Ready
[INFO] 18:48:01:757 plani_cp/(3463:3468): PID: 2 - Estado anterior: Ready - Estado actual: Executing
[INFO] 18:48:02:759 plani_cp/(3463:3468): PID: 2 - Desalojado por fin de Quantum
[INFO] 18:48:02:759 plani_cp/(3463:3468): Cola Ready: [ 4, 2 ]
[INFO] 18:48:02:759 plani_cp/(3463:3468): PID: 2 - Estado anterior: Executing - Estado actual: Ready
[INFO] 18:48:02:759 plani_cp/(3463:3468): PID: 4 - Estado anterior: Ready - Estado actual: Executing
[INFO] 18:48:05:762 plani_cp/(3463:3468): PID: 4 - Desalojado por fin de Quantum
[INFO] 18:48:05:762 plani_cp/(3463:3468): Cola Ready: [ 2, 4 ]
[INFO] 18:48:05:762 plani_cp/(3463:3468): PID: 4 - Estado anterior: Executing - Estado actual: Ready
[INFO] 18:48:05:762 plani_cp/(3463:3468): PID: 2 - Estado anterior: Ready - Estado actual: Executing
[INFO] 18:48:06:765 plani_lp/(3463:3468): Finaliza el proceso 2 - Motivo: SUCCESS
[INFO] 18:48:06:765 plani_cp/(3463:3468): PID: 4 - Estado anterior: Ready - Estado actual: Executing
[INFO] 18:48:09:772 plani_cp/(3463:3468): PID: 4 - Desalojado por fin de Quantum
[INFO] 18:48:09:773 plani_cp/(3463:3468): Cola Ready: [ 4 ]
[INFO] 18:48:09:773 plani_cp/(3463:3468): PID: 4 - Estado anterior: Executing - Estado actual: Ready
[INFO] 18:48:09:773 plani_cp/(3463:3468): PID: 4 - Estado anterior: Ready - Estado actual: Executing
[INFO] 18:48:12:777 plani_cp/(3463:3468): PID: 4 - Desalojado por fin de Quantum
[INFO] 18:48:12:777 plani_cp/(3463:3468): Cola Ready: [ 4 ]
[INFO] 18:48:12:778 plani_cp/(3463:3468): PID: 4 - Estado anterior: Executing - Estado actual: Ready
[INFO] 18:48:12:778 plani_cp/(3463:3468): PID: 4 - Estado anterior: Ready - Estado actual: Executing
[INFO] 18:48:14:782 plani_lp/(3463:3468): Finaliza el proceso 4 - Motivo: INTERRUPTED_BY_USER
[INFO] 18:48:19:407 plani_lp/(3463:3463): Se crea el proceso 5 en NEW
[INFO] 18:48:19:407 plani_lp/(3463:3463): Se crea el proceso 6 en NEW
[INFO] 18:48:19:407 plani_lp/(3463:3463): Se crea el proceso 7 en NEW
[INFO] 18:48:19:407 plani_lp/(3463:3463): Se crea el proceso 8 en NEW
[INFO] 18:48:19:407 plani_cp/(3463:3469): Cola Ready: [ 5 ]
[INFO] 18:48:19:407 plani_cp/(3463:3469): Cola Ready: [ 5, 6 ]
[INFO] 18:48:19:407 plani_cp/(3463:3469): Cola Ready: [ 5, 6, 7 ]
[INFO] 18:48:19:407 plani_cp/(3463:3469): Cola Ready: [ 5, 6, 7, 8 ]
[INFO] 18:48:19:407 plani_cp/(3463:3468): PID: 5 - Estado anterior: Ready - Estado actual: Executing
[INFO] 18:48:22:409 plani_cp/(3463:3468): PID: 5 - Desalojado por fin de Quantum
[INFO] 18:48:22:409 plani_cp/(3463:3468): Cola Ready: [ 6, 7, 8, 5 ]
[INFO] 18:48:22:409 plani_cp/(3463:3468): PID: 5 - Estado anterior: Executing - Estado actual: Ready
[INFO] 18:48:22:409 plani_cp/(3463:3468): PID: 6 - Estado anterior: Ready - Estado actual: Executing
[INFO] 18:48:24:412 plani_cp/(3463:3468): PID: 6 - Bloqueado por: SLP1
[INFO] 18:48:24:412 plani_cp/(3463:3468): PID: 6 - Estado anterior: Executing - Estado actual: Bloqueado
[INFO] 18:48:24:412 plani_cp/(3463:3468): PID: 7 - Estado anterior: Ready - Estado actual: Executing
[INFO] 18:48:24:467 plani_cp/(3463:3556): Ready Prioridad: [ 6 ]
[INFO] 18:48:24:467 plani_cp/(3463:3556): PID: 6 - Estado anterior: Bloqueado - Estado actual: Ready
[INFO] 18:48:27:417 plani_cp/(3463:3468): PID: 7 - Desalojado por fin de Quantum
[INFO] 18:48:27:418 plani_cp/(3463:3468): Cola Ready: [ 8, 5, 7 ]
[INFO] 18:48:27:418 plani_cp/(3463:3468): PID: 7 - Estado anterior: Executing - Estado actual: Ready
[INFO] 18:48:27:419 plani_cp/(3463:3468): PID: 6 - Estado anterior: Ready - Estado actual: Executing
[INFO] 18:48:28:421 plani_cp/(3463:3468): PID: 6 - Desalojado por fin de Quantum
[INFO] 18:48:28:421 plani_cp/(3463:3468): Cola Ready: [ 8, 5, 7, 6 ]
[INFO] 18:48:28:421 plani_cp/(3463:3468): PID: 6 - Estado anterior: Executing - Estado actual: Ready
[INFO] 18:48:28:423 plani_cp/(3463:3468): PID: 8 - Estado anterior: Ready - Estado actual: Executing
[INFO] 18:48:31:429 plani_cp/(3463:3468): PID: 8 - Desalojado por fin de Quantum
[INFO] 18:48:31:430 plani_cp/(3463:3468): Cola Ready: [ 5, 7, 6, 8 ]
[INFO] 18:48:31:430 plani_cp/(3463:3468): PID: 8 - Estado anterior: Executing - Estado actual: Ready
[INFO] 18:48:31:430 plani_cp/(3463:3468): PID: 5 - Estado anterior: Ready - Estado actual: Executing
[INFO] 18:48:33:435 plani_lp/(3463:3468): Finaliza el proceso 5 - Motivo: SUCCESS
[INFO] 18:48:33:437 plani_cp/(3463:3468): PID: 7 - Estado anterior: Ready - Estado actual: Executing
[INFO] 18:48:35:442 plani_cp/(3463:3468): PID: 7 - Bloqueado por: SLP1
[INFO] 18:48:35:443 plani_cp/(3463:3468): PID: 7 - Estado anterior: Executing - Estado actual: Bloqueado
[INFO] 18:48:35:444 plani_cp/(3463:3468): PID: 6 - Estado anterior: Ready - Estado actual: Executing
[INFO] 18:48:35:647 plani_cp/(3463:3566): Ready Prioridad: [ 7 ]
[INFO] 18:48:35:648 plani_cp/(3463:3566): PID: 7 - Estado anterior: Bloqueado - Estado actual: Ready
[INFO] 18:48:36:447 plani_cp/(3463:3468): PID: 6 - Bloqueado por: SLP1
[INFO] 18:48:36:447 plani_cp/(3463:3468): PID: 6 - Estado anterior: Executing - Estado actual: Bloqueado
[INFO] 18:48:36:447 plani_cp/(3463:3468): PID: 7 - Estado anterior: Ready - Estado actual: Executing
[INFO] 18:48:36:501 plani_cp/(3463:3569): Ready Prioridad: [ 6 ]
[INFO] 18:48:36:503 plani_cp/(3463:3569): PID: 6 - Estado anterior: Bloqueado - Estado actual: Ready
[INFO] 18:48:37:450 plani_cp/(3463:3468): PID: 7 - Desalojado por fin de Quantum
[INFO] 18:48:37:450 plani_cp/(3463:3468): Cola Ready: [ 8, 7 ]
[INFO] 18:48:37:450 plani_cp/(3463:3468): PID: 7 - Estado anterior: Executing - Estado actual: Ready
[INFO] 18:48:37:450 plani_cp/(3463:3468): PID: 6 - Estado anterior: Ready - Estado actual: Executing
[INFO] 18:48:38:453 plani_cp/(3463:3468): PID: 6 - Desalojado por fin de Quantum
[INFO] 18:48:38:453 plani_cp/(3463:3468): Ready Prioridad: [ 6 ]
[INFO] 18:48:38:453 plani_cp/(3463:3468): PID: 6 - Estado anterior: Executing - Estado actual: Ready
[INFO] 18:48:38:454 plani_cp/(3463:3468): PID: 6 - Estado anterior: Ready - Estado actual: Executing
[INFO] 18:48:39:457 plani_cp/(3463:3468): PID: 6 - Bloqueado por: SLP1
[INFO] 18:48:39:458 plani_cp/(3463:3468): PID: 6 - Estado anterior: Executing - Estado actual: Bloqueado
[INFO] 18:48:39:461 plani_cp/(3463:3468): PID: 8 - Estado anterior: Ready - Estado actual: Executing
[INFO] 18:48:39:513 plani_cp/(3463:3576): Cola Ready: [ 7, 6 ]
[INFO] 18:48:39:513 plani_cp/(3463:3576): PID: 6 - Estado anterior: Bloqueado - Estado actual: Ready
[INFO] 18:48:42:466 plani_cp/(3463:3468): PID: 8 - Desalojado por fin de Quantum
[INFO] 18:48:42:466 plani_cp/(3463:3468): Cola Ready: [ 7, 6, 8 ]
[INFO] 18:48:42:466 plani_cp/(3463:3468): PID: 8 - Estado anterior: Executing - Estado actual: Ready
[INFO] 18:48:42:467 plani_cp/(3463:3468): PID: 7 - Estado anterior: Ready - Estado actual: Executing
[INFO] 18:48:45:474 plani_cp/(3463:3468): PID: 7 - Desalojado por fin de Quantum
[INFO] 18:48:45:475 plani_cp/(3463:3468): Cola Ready: [ 6, 8, 7 ]
[INFO] 18:48:45:475 plani_cp/(3463:3468): PID: 7 - Estado anterior: Executing - Estado actual: Ready
[INFO] 18:48:45:475 plani_cp/(3463:3468): PID: 6 - Estado anterior: Ready - Estado actual: Executing
[INFO] 18:48:47:481 plani_cp/(3463:3468): PID: 6 - Bloqueado por: SLP1
[INFO] 18:48:47:481 plani_cp/(3463:3468): PID: 6 - Estado anterior: Executing - Estado actual: Bloqueado
[INFO] 18:48:47:482 plani_cp/(3463:3468): PID: 8 - Estado anterior: Ready - Estado actual: Executing
[INFO] 18:48:47:536 plani_cp/(3463:3583): Ready Prioridad: [ 6 ]
[INFO] 18:48:47:536 plani_cp/(3463:3583): PID: 6 - Estado anterior: Bloqueado - Estado actual: Ready
[INFO] 18:48:50:488 plani_cp/(3463:3468): PID: 8 - Desalojado por fin de Quantum
[INFO] 18:48:50:488 plani_cp/(3463:3468): Cola Ready: [ 7, 8 ]
[INFO] 18:48:50:489 plani_cp/(3463:3468): PID: 8 - Estado anterior: Executing - Estado actual: Ready
[INFO] 18:48:50:489 plani_cp/(3463:3468): PID: 6 - Estado anterior: Ready - Estado actual: Executing
[INFO] 18:48:51:491 plani_cp/(3463:3468): PID: 6 - Desalojado por fin de Quantum
[INFO] 18:48:51:492 plani_cp/(3463:3468): Cola Ready: [ 7, 8, 6 ]
[INFO] 18:48:51:492 plani_cp/(3463:3468): PID: 6 - Estado anterior: Executing - Estado actual: Ready
[INFO] 18:48:51:492 plani_cp/(3463:3468): PID: 7 - Estado anterior: Ready - Estado actual: Executing
[INFO] 18:48:52:496 plani_lp/(3463:3468): Finaliza el proceso 7 - Motivo: SUCCESS
[INFO] 18:48:52:496 plani_cp/(3463:3468): PID: 8 - Estado anterior: Ready - Estado actual: Executing
[INFO] 18:48:55:504 plani_cp/(3463:3468): PID: 8 - Desalojado por fin de Quantum
[INFO] 18:48:55:505 plani_cp/(3463:3468): Cola Ready: [ 6, 8 ]
[INFO] 18:48:55:505 plani_cp/(3463:3468): PID: 8 - Estado anterior: Executing - Estado actual: Ready
[INFO] 18:48:55:505 plani_cp/(3463:3468): PID: 6 - Estado anterior: Ready - Estado actual: Executing
[INFO] 18:48:56:509 plani_cp/(3463:3468): PID: 6 - Bloqueado por: SLP1
[INFO] 18:48:56:509 plani_cp/(3463:3468): PID: 6 - Estado anterior: Executing - Estado actual: Bloqueado
[INFO] 18:48:56:509 plani_cp/(3463:3468): PID: 8 - Estado anterior: Ready - Estado actual: Executing
[INFO] 18:48:56:564 plani_cp/(3463:3594): Ready Prioridad: [ 6 ]
[INFO] 18:48:56:564 plani_cp/(3463:3594): PID: 6 - Estado anterior: Bloqueado - Estado actual: Ready
[INFO] 18:48:59:514 plani_cp/(3463:3468): PID: 8 - Desalojado por fin de Quantum
[INFO] 18:48:59:515 plani_cp/(3463:3468): Cola Ready: [ 8 ]
[INFO] 18:48:59:515 plani_cp/(3463:3468): PID: 8 - Estado anterior: Executing - Estado actual: Ready
[INFO] 18:48:59:516 plani_cp/(3463:3468): PID: 6 - Estado anterior: Ready - Estado actual: Executing
[INFO] 18:49:01:520 plani_cp/(3463:3468): PID: 6 - Bloqueado por: SLP1
[INFO] 18:49:01:520 plani_cp/(3463:3468): PID: 6 - Estado anterior: Executing - Estado actual: Bloqueado
[INFO] 18:49:01:520 plani_cp/(3463:3468): PID: 8 - Estado anterior: Ready - Estado actual: Executing
[INFO] 18:49:01:574 plani_cp/(3463:3599): Cola Ready: [ 6 ]
[INFO] 18:49:01:574 plani_cp/(3463:3599): PID: 6 - Estado anterior: Bloqueado - Estado actual: Ready
[INFO] 18:49:04:525 plani_cp/(3463:3468): PID: 8 - Desalojado por fin de Quantum
[INFO] 18:49:04:525 plani_cp/(3463:3468): Cola Ready: [ 6, 8 ]
[INFO] 18:49:04:525 plani_cp/(3463:3468): PID: 8 - Estado anterior: Executing - Estado actual: Ready
[INFO] 18:49:04:525 plani_cp/(3463:3468): PID: 6 - Estado anterior: Ready - Estado actual: Executing
[INFO] 18:49:06:528 plani_cp/(3463:3468): PID: 6 - Bloqueado por: SLP1
[INFO] 18:49:06:528 plani_cp/(3463:3468): PID: 6 - Estado anterior: Executing - Estado actual: Bloqueado
[INFO] 18:49:06:528 plani_cp/(3463:3468): PID: 8 - Estado anterior: Ready - Estado actual: Executing
[INFO] 18:49:06:582 plani_cp/(3463:3605): Ready Prioridad: [ 6 ]
[INFO] 18:49:06:583 plani_cp/(3463:3605): PID: 6 - Estado anterior: Bloqueado - Estado actual: Ready
[INFO] 18:49:09:534 plani_cp/(3463:3468): PID: 8 - Desalojado por fin de Quantum
[INFO] 18:49:09:534 plani_cp/(3463:3468): Cola Ready: [ 8 ]
[INFO] 18:49:09:534 plani_cp/(3463:3468): PID: 8 - Estado anterior: Executing - Estado actual: Ready
[INFO] 18:49:09:534 plani_cp/(3463:3468): PID: 6 - Estado anterior: Ready - Estado actual: Executing
[INFO] 18:49:10:536 plani_cp/(3463:3468): PID: 6 - Desalojado por fin de Quantum
[INFO] 18:49:10:536 plani_cp/(3463:3468): Cola Ready: [ 8, 6 ]
[INFO] 18:49:10:536 plani_cp/(3463:3468): PID: 6 - Estado anterior: Executing - Estado actual: Ready
[INFO] 18:49:10:536 plani_cp/(3463:3468): PID: 8 - Estado anterior: Ready - Estado actual: Executing
[INFO] 18:49:13:541 plani_cp/(3463:3468): PID: 8 - Desalojado por fin de Quantum
[INFO] 18:49:13:541 plani_cp/(3463:3468): Cola Ready: [ 6, 8 ]
[INFO] 18:49:13:541 plani_cp/(3463:3468): PID: 8 - Estado anterior: Executing - Estado actual: Ready
[INFO] 18:49:13:541 plani_cp/(3463:3468): PID: 6 - Estado anterior: Ready - Estado actual: Executing
[INFO] 18:49:14:545 plani_lp/(3463:3468): Finaliza el proceso 6 - Motivo: SUCCESS
[INFO] 18:49:14:545 plani_cp/(3463:3468): PID: 8 - Estado anterior: Ready - Estado actual: Executing
[INFO] 18:49:17:551 plani_cp/(3463:3468): PID: 8 - Desalojado por fin de Quantum
[INFO] 18:49:17:552 plani_cp/(3463:3468): Cola Ready: [ 8 ]
[INFO] 18:49:17:552 plani_cp/(3463:3468): PID: 8 - Estado anterior: Executing - Estado actual: Ready
[INFO] 18:49:17:552 plani_cp/(3463:3468): PID: 8 - Estado anterior: Ready - Estado actual: Executing
[INFO] 18:49:20:558 plani_cp/(3463:3468): PID: 8 - Desalojado por fin de Quantum
[INFO] 18:49:20:558 plani_cp/(3463:3468): Cola Ready: [ 8 ]
[INFO] 18:49:20:558 plani_cp/(3463:3468): PID: 8 - Estado anterior: Executing - Estado actual: Ready
[INFO] 18:49:20:558 plani_cp/(3463:3468): PID: 8 - Estado anterior: Ready - Estado actual: Executing
[INFO] 18:49:23:563 plani_cp/(3463:3468): PID: 8 - Desalojado por fin de Quantum
[INFO] 18:49:23:563 plani_cp/(3463:3468): Cola Ready: [ 8 ]
[INFO] 18:49:23:563 plani_cp/(3463:3468): PID: 8 - Estado anterior: Executing - Estado actual: Ready
[INFO] 18:49:23:563 plani_cp/(3463:3468): PID: 8 - Estado anterior: Ready - Estado actual: Executing
[INFO] 18:49:26:567 plani_cp/(3463:3468): PID: 8 - Desalojado por fin de Quantum
[INFO] 18:49:26:567 plani_cp/(3463:3468): Cola Ready: [ 8 ]
[INFO] 18:49:26:567 plani_cp/(3463:3468): PID: 8 - Estado anterior: Executing - Estado actual: Ready
[INFO] 18:49:26:567 plani_cp/(3463:3468): PID: 8 - Estado anterior: Ready - Estado actual: Executing
