[INFO] 00:05:06:093 conn_memoria/(38986:38986): PID: 2 - Acción: ESCRIBIR - Dirección Física: 128 - Valor: I
[INFO] 00:05:06:395 conn_memoria/(38986:38986): PID: 2 - Acción: ESCRIBIR - Dirección Física: 129 - Valor:  
[INFO] 00:05:07:565 conn_memoria/(38986:38986): PID: 2 - Acción: ESCRIBIR - Dirección Física: 130 - Valor: d
[INFO] 00:05:07:867 conn_memoria/(38986:38986): PID: 2 - Acción: ESCRIBIR - Dirección Física: 131 - Valor: o
[INFO] 00:05:08:171 conn_memoria/(38986:38986): PID: 2 - Acción: ESCRIBIR - Dirección Física: 132 - Valor: n
[INFO] 00:05:08:473 conn_memoria/(38986:38986): PID: 2 - Acción: ESCRIBIR - Dirección Física: 133 - Valor: '
[INFO] 00:05:08:776 conn_memoria/(38986:38986): PID: 2 - Acción: ESCRIBIR - Dirección Física: 134 - Valor: t
[INFO] 00:05:09:083 conn_memoria/(38986:38986): PID: 2 - Acción: ESCRIBIR - Dirección Física: 135 - Valor:  
[INFO] 00:05:09:740 conn_memoria/(38986:38986): PID: 2 - Acción: ESCRIBIR - Dirección Física: 136 - Valor: w
[INFO] 00:05:10:043 conn_memoria/(38986:38986): PID: 2 - Acción: ESCRIBIR - Dirección Física: 137 - Valor: a
[INFO] 00:05:10:346 conn_memoria/(38986:38986): PID: 2 - Acción: ESCRIBIR - Dirección Física: 138 - Valor: n
[INFO] 00:05:10:648 conn_memoria/(38986:38986): PID: 2 - Acción: ESCRIBIR - Dirección Física: 139 - Valor: t
[INFO] 00:05:10:951 conn_memoria/(38986:38986): PID: 2 - Acción: ESCRIBIR - Dirección Física: 140 - Valor:  
[INFO] 00:05:11:605 conn_memoria/(38986:38986): PID: 2 - Acción: ESCRIBIR - Dirección Física: 141 - Valor: t
[INFO] 00:05:11:911 conn_memoria/(38986:38986): PID: 2 - Acción: ESCRIBIR - Dirección Física: 142 - Valor: o
[INFO] 00:05:12:217 conn_memoria/(38986:38986): PID: 2 - Acción: ESCRIBIR - Dirección Física: 143 - Valor:  
[INFO] 00:05:12:881 conn_memoria/(38986:38986): PID: 2 - Acción: ESCRIBIR - Dirección Física: 144 - Valor: s
[INFO] 00:05:13:184 conn_memoria/(38986:38986): PID: 2 - Acción: ESCRIBIR - Dirección Física: 145 - Valor: e
[INFO] 00:05:13:489 conn_memoria/(38986:38986): PID: 2 - Acción: ESCRIBIR - Dirección Física: 146 - Valor: t
[INFO] 00:05:13:791 conn_memoria/(38986:38986): PID: 2 - Acción: ESCRIBIR - Dirección Física: 147 - Valor:  
[INFO] 00:05:14:447 conn_memoria/(38986:38986): PID: 2 - Acción: ESCRIBIR - Dirección Física: 148 - Valor: t
[INFO] 00:05:14:750 conn_memoria/(38986:38986): PID: 2 - Acción: ESCRIBIR - Dirección Física: 149 - Valor: h
[INFO] 00:05:15:661 conn_memoria/(38986:38986): PID: 1 - Acción: ESCRIBIR - Dirección Física: 11 - Valor: W
[INFO] 00:05:15:863 conn_memoria/(38986:38986): PID: 2 - Acción: ESCRIBIR - Dirección Física: 150 - Valor: e
[INFO] 00:05:16:165 conn_memoria/(38986:38986): PID: 2 - Acción: ESCRIBIR - Dirección Física: 151 - Valor:  
[INFO] 00:05:16:367 conn_memoria/(38986:38986): PID: 1 - Acción: ESCRIBIR - Dirección Física: 12 - Valor: A
[INFO] 00:05:16:569 conn_memoria/(38986:38986): PID: 1 - Acción: ESCRIBIR - Dirección Física: 13 - Valor: R
[INFO] 00:05:16:770 conn_memoria/(38986:38986): PID: 1 - Acción: ESCRIBIR - Dirección Física: 14 - Valor: ,
[INFO] 00:05:17:376 conn_memoria/(38986:38986): PID: 2 - Acción: ESCRIBIR - Dirección Física: 152 - Valor: w
[INFO] 00:05:17:682 conn_memoria/(38986:38986): PID: 2 - Acción: ESCRIBIR - Dirección Física: 153 - Valor: o
[INFO] 00:05:17:988 conn_memoria/(38986:38986): PID: 1 - Acción: ESCRIBIR - Dirección Física: 15 - Valor:  
[INFO] 00:05:18:400 conn_memoria/(38986:38986): PID: 2 - Acción: ESCRIBIR - Dirección Física: 154 - Valor: r
[INFO] 00:05:18:708 conn_memoria/(38986:38986): PID: 2 - Acción: ESCRIBIR - Dirección Física: 155 - Valor: l
[INFO] 00:05:19:012 conn_memoria/(38986:38986): PID: 2 - Acción: ESCRIBIR - Dirección Física: 156 - Valor: d
[INFO] 00:05:19:417 conn_memoria/(38986:38986): PID: 2 - Acción: ESCRIBIR - Dirección Física: 157 - Valor:  
[INFO] 00:05:20:083 conn_memoria/(38986:38986): PID: 2 - Acción: ESCRIBIR - Dirección Física: 158 - Valor: o
[INFO] 00:05:20:385 conn_memoria/(38986:38986): PID: 2 - Acción: ESCRIBIR - Dirección Física: 159 - Valor: n
[INFO] 00:05:20:688 conn_memoria/(38986:38986): PID: 2 - Acción: ESCRIBIR - Dirección Física: 160 - Valor:  
[INFO] 00:05:21:344 conn_memoria/(38986:38986): PID: 2 - Acción: ESCRIBIR - Dirección Física: 161 - Valor: f
[INFO] 00:05:21:655 conn_memoria/(38986:38986): PID: 2 - Acción: ESCRIBIR - Dirección Física: 162 - Valor: i
[INFO] 00:05:21:973 conn_memoria/(38986:38986): PID: 2 - Acción: ESCRIBIR - Dirección Física: 163 - Valor: r
[INFO] 00:05:22:276 conn_memoria/(38986:38986): PID: 2 - Acción: ESCRIBIR - Dirección Física: 164 - Valor: e
[INFO] 00:05:24:894 conn_memoria/(38986:38986): PID: 3 - Acción: LEER - Dirección Física: 176 - Valor: Sistemas Operativos 2c2023
[INFO] 00:05:24:897 conn_memoria/(38986:38986): PID: 3 - Acción: ESCRIBIR - Dirección Física: 208 - Valor: Sistemas Operativos 2c2023
[INFO] 00:05:25:200 conn_memoria/(38986:38986): PID: 3 - Acción: ESCRIBIR - Dirección Física: 228 - Valor: 1
[INFO] 00:05:25:503 conn_memoria/(38986:38986): PID: 3 - Acción: ESCRIBIR - Dirección Física: 233 - Valor: 4
[INFO] 00:05:49:904 conn_memoria/(38986:38986): PID: 5 - Acción: ESCRIBIR - Dirección Física: 128 - Valor: I
[INFO] 00:05:50:206 conn_memoria/(38986:38986): PID: 5 - Acción: ESCRIBIR - Dirección Física: 129 - Valor:  
[INFO] 00:05:51:372 conn_memoria/(38986:38986): PID: 5 - Acción: ESCRIBIR - Dirección Física: 130 - Valor: d
[INFO] 00:05:51:675 conn_memoria/(38986:38986): PID: 5 - Acción: ESCRIBIR - Dirección Física: 131 - Valor: o
[INFO] 00:05:51:978 conn_memoria/(38986:38986): PID: 5 - Acción: ESCRIBIR - Dirección Física: 132 - Valor: n
[INFO] 00:05:52:280 conn_memoria/(38986:38986): PID: 5 - Acción: ESCRIBIR - Dirección Física: 133 - Valor: '
[INFO] 00:05:52:583 conn_memoria/(38986:38986): PID: 5 - Acción: ESCRIBIR - Dirección Física: 134 - Valor: t
[INFO] 00:05:52:886 conn_memoria/(38986:38986): PID: 5 - Acción: ESCRIBIR - Dirección Física: 135 - Valor:  
[INFO] 00:05:53:542 conn_memoria/(38986:38986): PID: 5 - Acción: ESCRIBIR - Dirección Física: 136 - Valor: w
[INFO] 00:05:53:845 conn_memoria/(38986:38986): PID: 5 - Acción: ESCRIBIR - Dirección Física: 137 - Valor: a
[INFO] 00:05:54:149 conn_memoria/(38986:38986): PID: 5 - Acción: ESCRIBIR - Dirección Física: 138 - Valor: n
[INFO] 00:05:54:453 conn_memoria/(38986:38986): PID: 5 - Acción: ESCRIBIR - Dirección Física: 139 - Valor: t
[INFO] 00:05:54:755 conn_memoria/(38986:38986): PID: 5 - Acción: ESCRIBIR - Dirección Física: 140 - Valor:  
[INFO] 00:05:55:410 conn_memoria/(38986:38986): PID: 5 - Acción: ESCRIBIR - Dirección Física: 141 - Valor: t
[INFO] 00:05:55:712 conn_memoria/(38986:38986): PID: 5 - Acción: ESCRIBIR - Dirección Física: 142 - Valor: o
[INFO] 00:05:56:016 conn_memoria/(38986:38986): PID: 5 - Acción: ESCRIBIR - Dirección Física: 143 - Valor:  
[INFO] 00:05:56:673 conn_memoria/(38986:38986): PID: 5 - Acción: ESCRIBIR - Dirección Física: 144 - Valor: s
[INFO] 00:05:56:975 conn_memoria/(38986:38986): PID: 5 - Acción: ESCRIBIR - Dirección Física: 145 - Valor: e
[INFO] 00:05:57:282 conn_memoria/(38986:38986): PID: 5 - Acción: ESCRIBIR - Dirección Física: 146 - Valor: t
[INFO] 00:05:57:585 conn_memoria/(38986:38986): PID: 5 - Acción: ESCRIBIR - Dirección Física: 147 - Valor:  
[INFO] 00:05:58:241 conn_memoria/(38986:38986): PID: 5 - Acción: ESCRIBIR - Dirección Física: 148 - Valor: t
[INFO] 00:05:58:544 conn_memoria/(38986:38986): PID: 5 - Acción: ESCRIBIR - Dirección Física: 149 - Valor: h
[INFO] 00:05:58:846 conn_memoria/(38986:38986): PID: 5 - Acción: ESCRIBIR - Dirección Física: 150 - Valor: e
[INFO] 00:05:59:149 conn_memoria/(38986:38986): PID: 5 - Acción: ESCRIBIR - Dirección Física: 151 - Valor:  
[INFO] 00:05:59:812 conn_memoria/(38986:38986): PID: 5 - Acción: ESCRIBIR - Dirección Física: 152 - Valor: w
[INFO] 00:06:00:115 conn_memoria/(38986:38986): PID: 5 - Acción: ESCRIBIR - Dirección Física: 153 - Valor: o
[INFO] 00:06:00:418 conn_memoria/(38986:38986): PID: 5 - Acción: ESCRIBIR - Dirección Física: 154 - Valor: r
[INFO] 00:06:00:721 conn_memoria/(38986:38986): PID: 5 - Acción: ESCRIBIR - Dirección Física: 155 - Valor: l
[INFO] 00:06:01:024 conn_memoria/(38986:38986): PID: 5 - Acción: ESCRIBIR - Dirección Física: 156 - Valor: d
[INFO] 00:06:01:327 conn_memoria/(38986:38986): PID: 5 - Acción: ESCRIBIR - Dirección Física: 157 - Valor:  
[INFO] 00:06:01:989 conn_memoria/(38986:38986): PID: 5 - Acción: ESCRIBIR - Dirección Física: 158 - Valor: o
[INFO] 00:06:02:297 conn_memoria/(38986:38986): PID: 5 - Acción: ESCRIBIR - Dirección Física: 159 - Valor: n
[INFO] 00:06:02:605 conn_memoria/(38986:38986): PID: 5 - Acción: ESCRIBIR - Dirección Física: 160 - Valor:  
[INFO] 00:06:03:260 conn_memoria/(38986:38986): PID: 5 - Acción: ESCRIBIR - Dirección Física: 161 - Valor: f
[INFO] 00:06:03:563 conn_memoria/(38986:38986): PID: 5 - Acción: ESCRIBIR - Dirección Física: 162 - Valor: i
[INFO] 00:06:03:867 conn_memoria/(38986:38986): PID: 5 - Acción: ESCRIBIR - Dirección Física: 163 - Valor: r
[INFO] 00:06:04:170 conn_memoria/(38986:38986): PID: 5 - Acción: ESCRIBIR - Dirección Física: 164 - Valor: e
[INFO] 00:06:08:873 conn_memoria/(38986:38986): PID: 4 - Acción: ESCRIBIR - Dirección Física: 11 - Valor: W
[INFO] 00:06:09:076 conn_memoria/(38986:38986): PID: 4 - Acción: ESCRIBIR - Dirección Física: 12 - Valor: A
[INFO] 00:06:09:278 conn_memoria/(38986:38986): PID: 4 - Acción: ESCRIBIR - Dirección Física: 13 - Valor: R
[INFO] 00:06:09:480 conn_memoria/(38986:38986): PID: 4 - Acción: ESCRIBIR - Dirección Física: 14 - Valor: ,
[INFO] 00:06:10:394 conn_memoria/(38986:38986): PID: 4 - Acción: ESCRIBIR - Dirección Física: 15 - Valor:  
[INFO] 00:06:17:159 conn_memoria/(38986:38986): PID: 6 - Acción: LEER - Dirección Física: 176 - Valor: Sistemas Operativos 2c2023
[INFO] 00:06:17:160 conn_memoria/(38986:38986): PID: 6 - Acción: ESCRIBIR - Dirección Física: 208 - Valor: Sistemas Operativos 2c2023
[INFO] 00:06:17:462 conn_memoria/(38986:38986): PID: 6 - Acción: ESCRIBIR - Dirección Física: 228 - Valor: 1
[INFO] 00:06:17:765 conn_memoria/(38986:38986): PID: 6 - Acción: ESCRIBIR - Dirección Física: 233 - Valor: 4
