[INFO] 06:50:48:951 entradasalida/(129007:129019): PID: 1 - Operacion: IO_FS_CREATE
[INFO] 06:50:48:952 entradasalida/(129007:129019): PID: 1 - Crear Archivo: salida.txt
[INFO] 06:50:49:054 entradasalida/(129007:129019): PID: 1 - Operacion: IO_FS_CREATE
[INFO] 06:50:49:054 entradasalida/(129007:129019): PID: 1 - Crear Archivo: cronologico.txt
[INFO] 06:50:49:161 entradasalida/(129007:129019): PID: 1 - Operacion: IO_FS_TRUNCATE
[INFO] 06:50:49:161 entradasalida/(129007:129019): PID: 1 - Truncar Archivo: salida.txt - Tamaño: 80
[INFO] 06:50:49:270 entradasalida/(129007:129019): PID: 1 - Operacion: IO_FS_TRUNCATE
[INFO] 06:50:49:271 entradasalida/(129007:129019): PID: 1 - Inicio Compactación
[INFO] 06:50:56:813 entradasalida/(129007:129019): PID: 1 - Fin Compactación
[INFO] 06:50:56:813 entradasalida/(129007:129019): PID: 1 - Truncar Archivo: cronologico.txt - Tamaño: 80
[INFO] 06:50:57:319 entradasalida/(129007:129015): PID: 1 - Operacion: IO_STDIN_READ
[INFO] 06:51:11:917 entradasalida/(129007:129019): PID: 1 - Operacion: IO_FS_WRITE
[INFO] 06:51:11:919 entradasalida/(129007:129019): PID: 1 - Escribir Archivo: salida.txt - Tamaño a Escribir: 69 - Puntero Archivo: 0
[INFO] 06:51:12:955 entradasalida/(129007:129019): PID: 1 - Operacion: IO_FS_WRITE
[INFO] 06:51:12:956 entradasalida/(129007:129019): PID: 1 - Escribir Archivo: cronologico.txt - Tamaño a Escribir: 69 - Puntero Archivo: 0
[ERROR] 06:52:14:416 entradasalida/(129007:129019): DialFS - Comando inválido
[INFO] 06:52:14:416 entradasalida/(129007:129011): PID: 0 - Operacion: IO_STDOUT_WRITE
[INFO] 06:55:01:415 entradasalida/(130572:130584): PID: 1 - Operacion: IO_FS_CREATE
[INFO] 06:55:01:416 entradasalida/(130572:130584): PID: 1 - Crear Archivo: salida.txt
[INFO] 06:55:01:518 entradasalida/(130572:130584): PID: 1 - Operacion: IO_FS_CREATE
[INFO] 06:55:01:519 entradasalida/(130572:130584): PID: 1 - Crear Archivo: cronologico.txt
[INFO] 06:55:01:625 entradasalida/(130572:130584): PID: 1 - Operacion: IO_FS_TRUNCATE
[INFO] 06:55:01:627 entradasalida/(130572:130584): PID: 1 - Truncar Archivo: salida.txt - Tamaño: 80
[INFO] 06:55:01:737 entradasalida/(130572:130584): PID: 1 - Operacion: IO_FS_TRUNCATE
[INFO] 06:55:01:737 entradasalida/(130572:130584): PID: 1 - Inicio Compactación
[INFO] 06:55:09:270 entradasalida/(130572:130584): PID: 1 - Fin Compactación
[INFO] 06:55:09:271 entradasalida/(130572:130584): PID: 1 - Truncar Archivo: cronologico.txt - Tamaño: 80
[INFO] 06:55:09:783 entradasalida/(130572:130580): PID: 1 - Operacion: IO_STDIN_READ
[INFO] 06:55:12:796 entradasalida/(130572:130584): PID: 1 - Operacion: IO_FS_WRITE
[INFO] 06:55:12:796 entradasalida/(130572:130584): PID: 1 - Escribir Archivo: salida.txt - Tamaño a Escribir: 69 - Puntero Archivo: 0
[INFO] 06:55:13:813 entradasalida/(130572:130584): PID: 1 - Operacion: IO_FS_WRITE
[INFO] 06:55:13:814 entradasalida/(130572:130584): PID: 1 - Escribir Archivo: cronologico.txt - Tamaño a Escribir: 69 - Puntero Archivo: 0
[ERROR] 07:02:53:939 entradasalida/(130572:130584): DialFS - Comando inválido
[INFO] 07:02:53:939 entradasalida/(130572:130575): PID: 0 - Operacion: IO_STDOUT_WRITE
[ERROR] 07:02:53:939 entradasalida/(130572:130584): DialFS - Comando inválido
[ERROR] 07:02:53:940 entradasalida/(130572:130584): DialFS - Comando inválido
[INFO] 07:02:53:939 entradasalida/(130572:130580): PID: 1743396397 - Operacion: IO_STDIN_READ
[INFO] 07:06:47:051 entradasalida/(134424:134437): PID: 1 - Operacion: IO_FS_CREATE
[INFO] 07:06:47:052 entradasalida/(134424:134437): PID: 1 - Crear Archivo: salida.txt
[INFO] 07:06:47:154 entradasalida/(134424:134437): PID: 1 - Operacion: IO_FS_CREATE
[INFO] 07:06:47:154 entradasalida/(134424:134437): PID: 1 - Crear Archivo: cronologico.txt
[INFO] 07:06:47:256 entradasalida/(134424:134437): PID: 1 - Operacion: IO_FS_TRUNCATE
[INFO] 07:06:47:256 entradasalida/(134424:134437): PID: 1 - Inicio Compactación
[INFO] 07:06:54:756 entradasalida/(134424:134437): PID: 1 - Fin Compactación
[INFO] 07:06:54:757 entradasalida/(134424:134437): PID: 1 - Truncar Archivo: salida.txt - Tamaño: 80
[INFO] 07:06:54:859 entradasalida/(134424:134437): PID: 1 - Operacion: IO_FS_TRUNCATE
[INFO] 07:06:54:859 entradasalida/(134424:134437): PID: 1 - Inicio Compactación
[INFO] 07:07:02:360 entradasalida/(134424:134437): PID: 1 - Fin Compactación
[INFO] 07:07:02:360 entradasalida/(134424:134437): PID: 1 - Truncar Archivo: cronologico.txt - Tamaño: 80
[INFO] 07:07:02:868 entradasalida/(134424:134432): PID: 1 - Operacion: IO_STDIN_READ
[INFO] 07:07:05:990 entradasalida/(134424:134437): PID: 1 - Operacion: IO_FS_WRITE
[INFO] 07:07:05:992 entradasalida/(134424:134437): PID: 1 - Escribir Archivo: salida.txt - Tamaño a Escribir: 69 - Puntero Archivo: 0
[INFO] 07:07:07:008 entradasalida/(134424:134437): PID: 1 - Operacion: IO_FS_WRITE
[INFO] 07:07:07:010 entradasalida/(134424:134437): PID: 1 - Escribir Archivo: cronologico.txt - Tamaño a Escribir: 69 - Puntero Archivo: 0
[INFO] 07:07:20:047 entradasalida/(134424:134437): PID: 2 - Operacion: IO_FS_CREATE
[INFO] 07:07:20:048 entradasalida/(134424:134437): PID: 2 - Crear Archivo: archivo1.txt
[INFO] 07:07:20:150 entradasalida/(134424:134437): PID: 2 - Operacion: IO_FS_CREATE
[INFO] 07:07:20:150 entradasalida/(134424:134437): PID: 2 - Crear Archivo: archivo2.txt
[INFO] 07:07:20:253 entradasalida/(134424:134437): PID: 2 - Operacion: IO_FS_TRUNCATE
[INFO] 07:07:20:253 entradasalida/(134424:134437): PID: 2 - Truncar Archivo: archivo1.txt - Tamaño: 10
[INFO] 07:07:20:355 entradasalida/(134424:134437): PID: 2 - Operacion: IO_FS_TRUNCATE
[INFO] 07:07:20:355 entradasalida/(134424:134437): PID: 2 - Truncar Archivo: archivo2.txt - Tamaño: 10
[ERROR] 07:07:22:976 entradasalida/(134424:134437): DialFS - Comando inválido
[INFO] 07:07:22:976 entradasalida/(134424:134432): PID: 1748672045 - Operacion: IO_STDIN_READ
[INFO] 07:07:22:976 entradasalida/(134424:134429): PID: 0 - Operacion: IO_STDOUT_WRITE
[INFO] 07:09:06:180 entradasalida/(135496:135508): PID: 1 - Operacion: IO_FS_READ
[INFO] 07:09:06:181 entradasalida/(135496:135508): PID: 1 - Leer Archivo: salida.txt - Tamaño a Leer: 69 - Puntero Archivo: 0
[INFO] 07:09:06:287 entradasalida/(135496:135500): PID: 1 - Operacion: IO_STDOUT_WRITE
[INFO] 07:09:06:406 entradasalida/(135496:135508): PID: 1 - Operacion: IO_FS_READ
[INFO] 07:09:06:411 entradasalida/(135496:135508): PID: 1 - Leer Archivo: cronologico.txt - Tamaño a Leer: 69 - Puntero Archivo: 0
[INFO] 07:09:06:522 entradasalida/(135496:135500): PID: 1 - Operacion: IO_STDOUT_WRITE
[INFO] 07:09:11:896 entradasalida/(135496:135508): PID: 2 - Operacion: IO_FS_CREATE
[INFO] 07:09:11:896 entradasalida/(135496:135508): PID: 2 - Crear Archivo: pesado.txt
[INFO] 07:09:11:999 entradasalida/(135496:135508): PID: 2 - Operacion: IO_FS_TRUNCATE
[INFO] 07:09:11:999 entradasalida/(135496:135508): PID: 2 - Truncar Archivo: pesado.txt - Tamaño: 250
[INFO] 07:09:12:104 entradasalida/(135496:135508): PID: 2 - Operacion: IO_FS_DELETE
[INFO] 07:09:12:105 entradasalida/(135496:135508): PID: 2 - Eliminar Archivo: archivo1.txt
[INFO] 07:09:12:212 entradasalida/(135496:135508): PID: 2 - Operacion: IO_FS_TRUNCATE
[INFO] 07:09:12:213 entradasalida/(135496:135508): PID: 2 - Inicio Compactación
[INFO] 07:09:19:717 entradasalida/(135496:135508): PID: 2 - Fin Compactación
[INFO] 07:09:19:717 entradasalida/(135496:135508): PID: 2 - Truncar Archivo: archivo2.txt - Tamaño: 70
