[INFO] 20:08:55:394 conn_b/(7194:7194): Broadcast de solicitud de IP realizado
[INFO] 20:08:55:395 conn_b/(7194:7194): IPs recibidas
[INFO] 20:08:55:396 conn_b/(7194:7194): Se crea la conexión, id de interfaz: TECLADO
[INFO] 20:08:55:397 conn_b/(7194:7194): Se crea la conexión, id de interfaz: TECLADO
[INFO] 20:08:55:398 conn_b/(7194:7194): Se crea la conexión, id de interfaz: GENERICA
[INFO] 20:08:55:399 conn_b/(7194:7194): Se crea la conexión, id de interfaz: ESPERA
[INFO] 20:08:55:400 conn_b/(7194:7194): Se crea la conexión, id de interfaz: SLP1
[INFO] 20:09:08:553 conn_b/(7212:7212): Broadcast de solicitud de IP realizado
[INFO] 20:09:08:553 conn_b/(7212:7212): IPs recibidas
[INFO] 20:09:08:555 conn_b/(7212:7212): Se crea la conexión, id de interfaz: MONITOR
[INFO] 20:09:08:555 conn_b/(7212:7212): Se crea la conexión, id de interfaz: MONITOR
[INFO] 20:12:31:783 conn_b/(7990:7990): Broadcast de solicitud de IP realizado
[INFO] 20:12:31:783 conn_b/(7990:7990): IPs recibidas
[INFO] 20:12:31:784 conn_b/(7990:7990): Se crea la conexión, id de interfaz: TECLADO
[INFO] 20:12:31:785 conn_b/(7990:7990): Se crea la conexión, id de interfaz: TECLADO
[INFO] 20:12:31:786 conn_b/(7990:7990): Se crea la conexión, id de interfaz: GENERICA
[INFO] 20:12:31:787 conn_b/(7990:7990): Se crea la conexión, id de interfaz: ESPERA
[INFO] 20:12:31:788 conn_b/(7990:7990): Se crea la conexión, id de interfaz: SLP1
[INFO] 20:12:36:346 conn_b/(8008:8008): Broadcast de solicitud de IP realizado
[INFO] 20:12:36:347 conn_b/(8008:8008): IPs recibidas
[INFO] 20:12:36:348 conn_b/(8008:8008): Se crea la conexión, id de interfaz: MONITOR
[INFO] 20:12:36:349 conn_b/(8008:8008): Se crea la conexión, id de interfaz: MONITOR
[INFO] 20:43:45:644 conn_b/(11934:11934): Broadcast de solicitud de IP realizado
[INFO] 20:43:45:652 conn_b/(11934:11934): IPs recibidas
[INFO] 20:43:45:653 conn_b/(11934:11934): Se crea la conexión, id de interfaz: ESPERA
[INFO] 22:54:23:578 conn_b/(19530:19530): Broadcast de solicitud de IP realizado
[INFO] 22:54:23:579 conn_b/(19530:19530): IPs recibidas
[INFO] 22:54:23:579 conn_b/(19530:19530): Se crea la conexión, id de interfaz: ESPERA
[INFO] 23:05:26:413 conn_b/(20832:20832): Broadcast de solicitud de IP realizado
[INFO] 23:05:26:413 conn_b/(20832:20832): IPs recibidas
[INFO] 23:05:26:414 conn_b/(20832:20832): Se crea la conexión, id de interfaz: ESPERA
[INFO] 00:20:49:069 conn_b/(30079:30079): Broadcast de solicitud de IP realizado
[INFO] 00:20:49:069 conn_b/(30079:30079): IPs recibidas
[INFO] 00:20:49:070 conn_b/(30079:30079): Se crea la conexión, id de interfaz: ESPERA
[INFO] 00:36:34:706 conn_b/(31143:31143): Broadcast de solicitud de IP realizado
[INFO] 00:37:08:822 conn_b/(31220:31220): Broadcast de solicitud de IP realizado
[INFO] 00:37:08:822 conn_b/(31220:31220): IPs recibidas
[INFO] 00:37:08:824 conn_b/(31220:31220): Se crea la conexión, id de interfaz: ESPERA
[INFO] 00:42:16:435 conn_b/(31704:31704): Broadcast de solicitud de IP realizado
[INFO] 00:42:23:584 conn_b/(31756:31756): Broadcast de solicitud de IP realizado
[INFO] 00:42:23:585 conn_b/(31756:31756): IPs recibidas
[INFO] 00:42:23:586 conn_b/(31756:31756): Se crea la conexión, id de interfaz: ESPERA
[INFO] 00:49:48:242 conn_b/(32426:32426): Broadcast de solicitud de IP realizado
[INFO] 00:49:48:243 conn_b/(32426:32426): IPs recibidas
[INFO] 00:49:48:244 conn_b/(32426:32426): Se crea la conexión, id de interfaz: ESPERA
[INFO] 00:54:53:055 conn_b/(32865:32865): Broadcast de solicitud de IP realizado
[INFO] 00:54:53:055 conn_b/(32865:32865): IPs recibidas
[INFO] 00:54:53:056 conn_b/(32865:32865): Se crea la conexión, id de interfaz: ESPERA
[INFO] 01:02:23:590 conn_b/(33422:33422): Broadcast de solicitud de IP realizado
[INFO] 01:02:23:591 conn_b/(33422:33422): IPs recibidas
[INFO] 01:02:23:592 conn_b/(33422:33422): Se crea la conexión, id de interfaz: ESPERA
